Arguments: 
  /usr/local/bin/node /usr/local/Cellar/yarn/1.7.0/libexec/bin/yarn.js run build

PATH: 
  /usr/local/bin:/usr/bin:/bin:/usr/sbin:/sbin:/Users/g.vorontcov/Documents/VK/Apps/Libs/mvk-mini-app-scroll-helper/node_modules/.bin

Yarn version: 
  1.7.0

Node version: 
  8.11.3

Platform: 
  darwin x64

Trace: 
  SyntaxError: /Users/g.vorontcov/Documents/VK/Apps/Libs/mvk-mini-app-scroll-helper/package.json: Unexpected token } in JSON at position 709
      at JSON.parse (<anonymous>)
      at /usr/local/Cellar/yarn/1.7.0/libexec/lib/cli.js:1130:59
      at Generator.next (<anonymous>)
      at step (/usr/local/Cellar/yarn/1.7.0/libexec/lib/cli.js:98:30)
      at /usr/local/Cellar/yarn/1.7.0/libexec/lib/cli.js:109:13
      at <anonymous>

npm manifest: 
  {
    "name": "@vkontakte/mvk-mini-apps-scroll-helper",
    "version": "1.0.0",
    "main": "dist/mvk-mini-apps-scroll-helper.cjs.js",
    "module": "dist/mvk-mini-apps-scroll-helper.esm.js",
    "browser": "dist/mvk-mini-apps-scroll-helper.umd.js",
    "devDependencies": {
      "rollup": "^1.18.0",
      "rollup-plugin-commonjs": "^10.0.0",
      "rollup-plugin-node-resolve": "^5.2.0"
    },
    "scripts": {
      "build": "rollup -c",
      "dev": "rollup -c -w"
    },
    "files": [
      "dist"
    ],
    "dependencies": {
      "@babel/core": "^7.5.5",
      "r": "0.0.5",
      "rollup-plugin-babel": "^4.3.3",
      "rollup-plugin-bundle-size": "^1.0.3",
      "rollup-plugin-typescript2": "^0.22.1",
      "rollup-plugin-uglify": "^6.0.2",
    }
  }

yarn manifest: 
  No manifest

Lockfile: 
  # THIS IS AN AUTOGENERATED FILE. DO NOT EDIT THIS FILE DIRECTLY.
  # yarn lockfile v1
  
  
  "@types/estree@0.0.39":
    version "0.0.39"
    resolved "https://registry.yarnpkg.com/@types/estree/-/estree-0.0.39.tgz#e177e699ee1b8c22d23174caaa7422644389509f"
  
  "@types/node@*", "@types/node@^12.6.3":
    version "12.6.9"
    resolved "https://registry.yarnpkg.com/@types/node/-/node-12.6.9.tgz#ffeee23afdc19ab16e979338e7b536fdebbbaeaf"
  
  "@types/resolve@0.0.8":
    version "0.0.8"
    resolved "https://registry.yarnpkg.com/@types/resolve/-/resolve-0.0.8.tgz#f26074d238e02659e323ce1a13d041eee280e194"
    dependencies:
      "@types/node" "*"
  
  acorn@^6.2.0:
    version "6.2.1"
    resolved "https://registry.yarnpkg.com/acorn/-/acorn-6.2.1.tgz#3ed8422d6dec09e6121cc7a843ca86a330a86b51"
  
  builtin-modules@^3.1.0:
    version "3.1.0"
    resolved "https://registry.yarnpkg.com/builtin-modules/-/builtin-modules-3.1.0.tgz#aad97c15131eb76b65b50ef208e7584cd76a7484"
  
  estree-walker@^0.6.1:
    version "0.6.1"
    resolved "https://registry.yarnpkg.com/estree-walker/-/estree-walker-0.6.1.tgz#53049143f40c6eb918b23671d1fe3219f3a1b362"
  
  is-module@^1.0.0:
    version "1.0.0"
    resolved "https://registry.yarnpkg.com/is-module/-/is-module-1.0.0.tgz#3258fb69f78c14d5b815d664336b4cffb6441591"
  
  is-reference@^1.1.2:
    version "1.1.3"
    resolved "https://registry.yarnpkg.com/is-reference/-/is-reference-1.1.3.tgz#e99059204b66fdbe09305cfca715a29caa5c8a51"
    dependencies:
      "@types/estree" "0.0.39"
  
  magic-string@^0.25.2:
    version "0.25.3"
    resolved "https://registry.yarnpkg.com/magic-string/-/magic-string-0.25.3.tgz#34b8d2a2c7fec9d9bdf9929a3fd81d271ef35be9"
    dependencies:
      sourcemap-codec "^1.4.4"
  
  ms@^2.0.0:
    version "2.1.2"
    resolved "https://registry.yarnpkg.com/ms/-/ms-2.1.2.tgz#d09d1f357b443f493382a8eb3ccd183872ae6009"
  
  path-parse@^1.0.6:
    version "1.0.6"
    resolved "https://registry.yarnpkg.com/path-parse/-/path-parse-1.0.6.tgz#d62dbb5679405d72c4737ec58600e9ddcf06d24c"
  
  resolve@^1.11.0, resolve@^1.11.1:
    version "1.12.0"
    resolved "https://registry.yarnpkg.com/resolve/-/resolve-1.12.0.tgz#3fc644a35c84a48554609ff26ec52b66fa577df6"
    dependencies:
      path-parse "^1.0.6"
  
  rollup-plugin-commonjs@^10.0.0:
    version "10.0.2"
    resolved "https://registry.yarnpkg.com/rollup-plugin-commonjs/-/rollup-plugin-commonjs-10.0.2.tgz#61328f3a29945e2c35f2b2e824c18944fd88a54d"
    dependencies:
      estree-walker "^0.6.1"
      is-reference "^1.1.2"
      magic-string "^0.25.2"
      resolve "^1.11.0"
      rollup-pluginutils "^2.8.1"
  
  rollup-plugin-node-resolve@^5.1.0:
    version "5.2.0"
    resolved "https://registry.yarnpkg.com/rollup-plugin-node-resolve/-/rollup-plugin-node-resolve-5.2.0.tgz#730f93d10ed202473b1fb54a5997a7db8c6d8523"
    dependencies:
      "@types/resolve" "0.0.8"
      builtin-modules "^3.1.0"
      is-module "^1.0.0"
      resolve "^1.11.1"
      rollup-pluginutils "^2.8.1"
  
  rollup-pluginutils@^2.8.1:
    version "2.8.1"
    resolved "https://registry.yarnpkg.com/rollup-pluginutils/-/rollup-pluginutils-2.8.1.tgz#8fa6dd0697344938ef26c2c09d2488ce9e33ce97"
    dependencies:
      estree-walker "^0.6.1"
  
  rollup@^1.18.0:
    version "1.18.0"
    resolved "https://registry.yarnpkg.com/rollup/-/rollup-1.18.0.tgz#98ea36472523ed712e20c0e996fd051882f787e6"
    dependencies:
      "@types/estree" "0.0.39"
      "@types/node" "^12.6.3"
      acorn "^6.2.0"
  
  sourcemap-codec@^1.4.4:
    version "1.4.6"
    resolved "https://registry.yarnpkg.com/sourcemap-codec/-/sourcemap-codec-1.4.6.tgz#e30a74f0402bad09807640d39e971090a08ce1e9"
